<?xml version="1.0" encoding="UTF-8"?>
<!-- Generated by org.testng.reporters.JUnitXMLReporter -->
<testsuite ignored="0" hostname="PC" failures="1" tests="1" name="windows-chrome" time="24.513" errors="0" timestamp="2025-07-11T19:19:52 IST">
  <testcase classname="Testcases.TestCase_1" name="TestUserRegistration" time="15.449">
    <failure type="java.lang.AssertionError" message="not matching expected [Your Account Has Been Created!...] but found [Your Account Has Been Created!]">
      <![CDATA[java.lang.AssertionError: not matching expected [Your Account Has Been Created!...] but found [Your Account Has Been Created!]
at Testcases.TestCase_1.TestUserRegistration(TestCase_1.java:64)
at java.base/java.util.ArrayList.forEach(ArrayList.java:1596)
... Removed 30 stack frames]]>
    </failure>
  </testcase> <!-- TestUserRegistration -->
</testsuite> <!-- windows-chrome -->
