<?xml version="1.0" encoding="UTF-8"?>
<!-- Generated by org.testng.reporters.JUnitXMLReporter -->
<testsuite ignored="2" hostname="PC" failures="1" tests="1" name="windows-chrome" time="8.655" errors="0" timestamp="2025-07-21T18:08:11 IST">
  <testcase classname="Testcases.TestCase_1" name="TestUserRegistration" time="4.074">
    <failure type="java.lang.AssertionError" message="not matching expected [Your Account Has Been Created!...] but found [Your Account Has Been Created!]">
      <![CDATA[java.lang.AssertionError: not matching expected [Your Account Has Been Created!...] but found [Your Account Has Been Created!]
at Testcases.TestCase_1.TestUserRegistration(TestCase_1.java:64)
at java.base/java.util.ArrayList.forEach(ArrayList.java:1596)
... Removed 30 stack frames]]>
    </failure>
  </testcase> <!-- TestUserRegistration -->
  <testcase classname="Testcases.TC2_DDT" name="login" time="0.0">
    <ignored/>
  </testcase> <!-- login -->
  <testcase classname="Testcases.TC2_DDT" name="verifyAllCombinations" time="0.0">
    <ignored/>
  </testcase> <!-- verifyAllCombinations -->
</testsuite> <!-- windows-chrome -->
