<?xml version="1.0" encoding="UTF-8"?>
<!-- Generated by org.testng.reporters.JUnitXMLReporter -->
<testsuite ignored="2" hostname="PC" failures="0" tests="1" name="windows-edge" time="2.953" errors="0" timestamp="2025-07-16T23:03:22 IST">
  <testcase classname="Testcases.TestCase_1" name="TestUserRegistration" time="0.0">
    <skipped/>
  </testcase> <!-- TestUserRegistration -->
  <testcase classname="Testcases.TC2_DDT" name="login" time="0.0">
    <ignored/>
  </testcase> <!-- login -->
  <testcase classname="Testcases.TC2_DDT" name="verifyAllCombinations" time="0.0">
    <ignored/>
  </testcase> <!-- verifyAllCombinations -->
</testsuite> <!-- windows-edge -->
